c:\users\marco\documents\docenciaclassea\covid-19\simulation\simulation_c\covid-19-ita-task\build\obj\x86_64\debug\libraries\libraries.pdb
c:\users\marco\documents\docenciaclassea\covid-19\simulation\simulation_c\covid-19-ita-task\build\obj\x86_64\debug\libraries\libraries.idb
c:\users\marco\documents\docenciaclassea\covid-19\simulation\simulation_c\covid-19-ita-task\build\obj\x86_64\debug\libraries\models.obj
c:\users\marco\documents\docenciaclassea\covid-19\simulation\simulation_c\covid-19-ita-task\build\obj\x86_64\debug\libraries\real_data_reader.obj
c:\users\marco\documents\docenciaclassea\covid-19\simulation\simulation_c\covid-19-ita-task\build\obj\x86_64\debug\libraries\scenario.obj
c:\users\marco\documents\docenciaclassea\covid-19\simulation\simulation_c\covid-19-ita-task\build\obj\x86_64\debug\libraries\solvers.obj
c:\users\marco\documents\docenciaclassea\covid-19\simulation\simulation_c\covid-19-ita-task\bin\libraries.lib
c:\users\marco\documents\docenciaclassea\covid-19\simulation\simulation_c\covid-ita-task\build\obj\x86_64\debug\libraries\models.obj
c:\users\marco\documents\docenciaclassea\covid-19\simulation\simulation_c\covid-ita-task\build\obj\x86_64\debug\libraries\real_data_reader.obj
c:\users\marco\documents\docenciaclassea\covid-19\simulation\simulation_c\covid-ita-task\build\obj\x86_64\debug\libraries\scenario.obj
c:\users\marco\documents\docenciaclassea\covid-19\simulation\simulation_c\covid-ita-task\build\obj\x86_64\debug\libraries\solvers.obj
c:\users\marco\documents\docenciaclassea\covid-19\simulation\simulation_c\covid-ita-task\build\obj\x86_64\debug\libraries\libraries.idb
c:\users\marco\documents\docenciaclassea\covid-19\simulation\simulation_c\covid-ita-task\build\obj\x86_64\debug\libraries\libraries.pdb
c:\users\marco\documents\docenciaclassea\covid-19\simulation\simulation_c\covid-ita-task\build\..\bin\libraries.lib
c:\users\marco\documents\docenciaclassea\covid-19\simulation\simulation_c\covid-ita-task\build\obj\x86_64\debug\libraries\libraries.tlog\cl.command.1.tlog
c:\users\marco\documents\docenciaclassea\covid-19\simulation\simulation_c\covid-ita-task\build\obj\x86_64\debug\libraries\libraries.tlog\cl.read.1.tlog
c:\users\marco\documents\docenciaclassea\covid-19\simulation\simulation_c\covid-ita-task\build\obj\x86_64\debug\libraries\libraries.tlog\cl.write.1.tlog
c:\users\marco\documents\docenciaclassea\covid-19\simulation\simulation_c\covid-ita-task\build\obj\x86_64\debug\libraries\libraries.tlog\lib-link.read.1.tlog
c:\users\marco\documents\docenciaclassea\covid-19\simulation\simulation_c\covid-ita-task\build\obj\x86_64\debug\libraries\libraries.tlog\lib-link.write.1.tlog
c:\users\marco\documents\docenciaclassea\covid-19\simulation\simulation_c\covid-ita-task\build\obj\x86_64\debug\libraries\libraries.tlog\lib.command.1.tlog
