c:\users\marco\documents\docenciaclassea\covid-19\simulation\simulation_c\covid-19-ita-task\build\obj\x86_64\debug\csv_to_input\vc140.pdb
c:\users\marco\documents\docenciaclassea\covid-19\simulation\simulation_c\covid-19-ita-task\build\obj\x86_64\debug\csv_to_input\vc140.idb
c:\users\marco\documents\docenciaclassea\covid-19\simulation\simulation_c\covid-19-ita-task\build\obj\x86_64\debug\csv_to_input\csv_to_input.obj
c:\users\marco\appdata\local\microsoft\applicationinsights\vstelaif-312cbd79-9dbb-4c48-a7da-3cc2a931cb70\20200826203350_2ffe772157f8419f9e0f4d793b911bed.trn
c:\users\marco\appdata\local\microsoft\clr_v4.0\usagelogs\vctip.exe.log
c:\users\marco\documents\docenciaclassea\covid-19\simulation\simulation_c\covid-19-ita-task\bin\csv_to_input.ilk
c:\users\marco\documents\docenciaclassea\covid-19\simulation\simulation_c\covid-19-ita-task\bin\csv_to_input.exe
c:\users\marco\documents\docenciaclassea\covid-19\simulation\simulation_c\covid-19-ita-task\bin\csv_to_input.pdb
c:\users\marco\documents\docenciaclassea\covid-19\simulation\simulation_c\covid-ita-task\build\obj\x86_64\debug\csv_to_input\csv_to_input.obj
c:\users\marco\documents\docenciaclassea\covid-19\simulation\simulation_c\covid-ita-task\build\obj\x86_64\debug\csv_to_input\vc140.idb
c:\users\marco\documents\docenciaclassea\covid-19\simulation\simulation_c\covid-ita-task\build\obj\x86_64\debug\csv_to_input\vc140.pdb
c:\users\marco\documents\docenciaclassea\covid-19\simulation\simulation_c\covid-ita-task\build\..\bin\csv_to_input.exe
c:\users\marco\documents\docenciaclassea\covid-19\simulation\simulation_c\covid-ita-task\build\obj\x86_64\debug\csv_to_input\csv_to_input.tlog\cl.command.1.tlog
c:\users\marco\documents\docenciaclassea\covid-19\simulation\simulation_c\covid-ita-task\build\obj\x86_64\debug\csv_to_input\csv_to_input.tlog\cl.read.1.tlog
c:\users\marco\documents\docenciaclassea\covid-19\simulation\simulation_c\covid-ita-task\build\obj\x86_64\debug\csv_to_input\csv_to_input.tlog\cl.write.1.tlog
c:\users\marco\documents\docenciaclassea\covid-19\simulation\simulation_c\covid-ita-task\build\obj\x86_64\debug\csv_to_input\csv_to_input.tlog\link-vctip.delete.1.tlog
c:\users\marco\documents\docenciaclassea\covid-19\simulation\simulation_c\covid-ita-task\build\obj\x86_64\debug\csv_to_input\csv_to_input.tlog\link-vctip.delete.43.tlog
c:\users\marco\documents\docenciaclassea\covid-19\simulation\simulation_c\covid-ita-task\build\obj\x86_64\debug\csv_to_input\csv_to_input.tlog\link-vctip.delete.52.tlog
c:\users\marco\documents\docenciaclassea\covid-19\simulation\simulation_c\covid-ita-task\build\obj\x86_64\debug\csv_to_input\csv_to_input.tlog\link-vctip.read.1.tlog
c:\users\marco\documents\docenciaclassea\covid-19\simulation\simulation_c\covid-ita-task\build\obj\x86_64\debug\csv_to_input\csv_to_input.tlog\link-vctip.read.24.tlog
c:\users\marco\documents\docenciaclassea\covid-19\simulation\simulation_c\covid-ita-task\build\obj\x86_64\debug\csv_to_input\csv_to_input.tlog\link-vctip.read.43.tlog
c:\users\marco\documents\docenciaclassea\covid-19\simulation\simulation_c\covid-ita-task\build\obj\x86_64\debug\csv_to_input\csv_to_input.tlog\link-vctip.read.52.tlog
c:\users\marco\documents\docenciaclassea\covid-19\simulation\simulation_c\covid-ita-task\build\obj\x86_64\debug\csv_to_input\csv_to_input.tlog\link-vctip.write.1.tlog
c:\users\marco\documents\docenciaclassea\covid-19\simulation\simulation_c\covid-ita-task\build\obj\x86_64\debug\csv_to_input\csv_to_input.tlog\link-vctip.write.24.tlog
c:\users\marco\documents\docenciaclassea\covid-19\simulation\simulation_c\covid-ita-task\build\obj\x86_64\debug\csv_to_input\csv_to_input.tlog\link-vctip.write.43.tlog
c:\users\marco\documents\docenciaclassea\covid-19\simulation\simulation_c\covid-ita-task\build\obj\x86_64\debug\csv_to_input\csv_to_input.tlog\link-vctip.write.52.tlog
c:\users\marco\documents\docenciaclassea\covid-19\simulation\simulation_c\covid-ita-task\build\obj\x86_64\debug\csv_to_input\csv_to_input.tlog\link.command.1.tlog
c:\users\marco\documents\docenciaclassea\covid-19\simulation\simulation_c\covid-ita-task\build\obj\x86_64\debug\csv_to_input\csv_to_input.tlog\link.read.1.tlog
c:\users\marco\documents\docenciaclassea\covid-19\simulation\simulation_c\covid-ita-task\build\obj\x86_64\debug\csv_to_input\csv_to_input.tlog\link.write.1.tlog
